#
# There is insufficient memory for the Java Runtime Environment to continue.
# Native memory allocation (mmap) failed to map 130023424 bytes. Error detail: G1 virtual space
# Possible reasons:
#   The system is out of physical RAM or swap space
#   This process is running with CompressedOops enabled, and the Java Heap may be blocking the growth of the native heap
# Possible solutions:
#   Reduce memory load on the system
#   Increase physical memory or swap space
#   Check if swap backing store is full
#   Decrease Java heap size (-Xmx/-Xms)
#   Decrease number of Java threads
#   Decrease Java thread stack sizes (-Xss)
#   Set larger code cache with -XX:ReservedCodeCacheSize=
#   JVM is running with Unscaled Compressed Oops mode in which the Java heap is
#     placed in the first 4GB address space. The Java Heap base address is the
#     maximum limit for the native heap growth. Please use -XX:HeapBaseMinAddress
#     to set the Java Heap base and to place the Java Heap above 4GB virtual address.
# This output file may be truncated or incomplete.
#
#  Out of Memory Error (os_windows.cpp:3631), pid=25488, tid=28040
#
# JRE version:  (22.0.2+9) (build )
# Java VM: OpenJDK 64-Bit Server VM (22.0.2+9, mixed mode, sharing, tiered, compressed oops, compressed class ptrs, g1 gc, windows-amd64)
# No core dump will be written. Minidumps are not enabled by default on client versions of Windows
#

---------------  S U M M A R Y ------------

Command Line: -Dfile.encoding=UTF-8 -Dstdout.encoding=UTF-8 -Dstderr.encoding=UTF-8 -XX:+ShowCodeDetailsInExceptionMessages atm.management.system.SignupOne

Host: 12th Gen Intel(R) Core(TM) i5-12500H, 16 cores, 7G,  Windows 11 , 64 bit Build 22621 (10.0.22621.4391)
Time: Sun Oct 27 21:27:17 2024 India Standard Time elapsed time: 0.010294 seconds (0d 0h 0m 0s)

---------------  T H R E A D  ---------------

Current thread (0x000001c197125280):  JavaThread "Unknown thread" [_thread_in_vm, id=28040, stack(0x0000005097d00000,0x0000005097e00000) (1024K)]

Stack: [0x0000005097d00000,0x0000005097e00000]
Native frames: (J=compiled Java code, j=interpreted, Vv=VM code, C=native code)
V  [jvm.dll+0x6ea6a9]  (no source info available)
V  [jvm.dll+0x8cdbf3]  (no source info available)
V  [jvm.dll+0x8d001e]  (no source info available)
V  [jvm.dll+0x8d06f3]  (no source info available)
V  [jvm.dll+0x286dc6]  (no source info available)
V  [jvm.dll+0x6e6d35]  (no source info available)
V  [jvm.dll+0x6db9ba]  (no source info available)
V  [jvm.dll+0x36037a]  (no source info available)
V  [jvm.dll+0x368846]  (no source info available)
V  [jvm.dll+0x3ba7be]  (no source info available)
V  [jvm.dll+0x3baa68]  (no source info available)
V  [jvm.dll+0x333d1c]  (no source info available)
V  [jvm.dll+0x334988]  (no source info available)
V  [jvm.dll+0x895adc]  (no source info available)
V  [jvm.dll+0x3c78a1]  (no source info available)
V  [jvm.dll+0x87e75c]  (no source info available)
V  [jvm.dll+0x4612ae]  (no source info available)
V  [jvm.dll+0x4630c1]  (no source info available)
C  [jli.dll+0x5278]  (no source info available)
C  [ucrtbase.dll+0x29333]  (no source info available)
C  [KERNEL32.DLL+0x1259d]  (no source info available)
C  [ntdll.dll+0x5af38]  (no source info available)


---------------  P R O C E S S  ---------------

Threads class SMR info:
_java_thread_list=0x00007fff8ccfd688, length=0, elements={
}

Java Threads: ( => current thread )
Total: 0

Other Threads:
  0x000001c1971784c0 WorkerThread "GC Thread#0"                     [id=19080, stack(0x0000005097e00000,0x0000005097f00000) (1024K)]
  0x000001c197189a80 ConcurrentGCThread "G1 Main Marker"            [id=10000, stack(0x0000005097f00000,0x0000005098000000) (1024K)]
  0x000001c19718a590 WorkerThread "G1 Conc#0"                       [id=28192, stack(0x0000005098000000,0x0000005098100000) (1024K)]

[error occurred during error reporting (printing all threads), id 0xc0000005, EXCEPTION_ACCESS_VIOLATION (0xc0000005) at pc=0x00007fff8c3e6cd7]
VM state: not at safepoint (not fully initialized)

VM Mutex/Monitor currently owned by a thread:  ([mutex/lock_event])
[0x00007fff8cd81080] Heap_lock - owner thread: 0x000001c197125280

Heap address: 0x0000000085200000, size: 1966 MB, Compressed Oops mode: 32-bit

CDS archive(s) mapped at: [0x0000000000000000-0x0000000000000000-0x0000000000000000), size 0, SharedBaseAddress: 0x0000000800000000, ArchiveRelocationMode: 1.
Narrow klass base: 0x0000000000000000, Narrow klass shift: 0, Narrow klass range: 0x0

GC Precious Log:
 CardTable entry size: 512
 Card Set container configuration: InlinePtr #cards 5 size 8 Array Of Cards #cards 12 size 40 Howl #buckets 4 coarsen threshold 1843 Howl Bitmap #cards 512 size 80 coarsen threshold 460 Card regions per heap region 1 cards per card region 2048

Heap:
 garbage-first heap   total reserved 2013184K, committed 0K, used 0K [0x0000000085200000, 0x0000000100000000)
  region size 1024K, 0 young (0K), 0 survivors (0K)

[error occurred during error reporting (printing heap information), id 0xc0000005, EXCEPTION_ACCESS_VIOLATION (0xc0000005) at pc=0x00007fff8c7e7269]
GC Heap History (0 events):
No events

Dll operation events (1 events):
Event: 0.007 Loaded shared library C:\Users\Fazal Jageerdar\.p2\pool\plugins\org.eclipse.justj.openjdk.hotspot.jre.full.win32.x86_64_22.0.2.v20240802-1626\jre\bin\java.dll

Deoptimization events (0 events):
No events

Classes loaded (0 events):
No events

Classes unloaded (0 events):
No events

Classes redefined (0 events):
No events

Internal exceptions (0 events):
No events

ZGC Phase Switch (0 events):
No events

VM Operations (0 events):
No events

Memory protections (0 events):
No events

Nmethod flushes (0 events):
No events

Events (0 events):
No events


Dynamic libraries:
0x00007ff645320000 - 0x00007ff64532e000 	C:\Users\Fazal Jageerdar\.p2\pool\plugins\org.eclipse.justj.openjdk.hotspot.jre.full.win32.x86_64_22.0.2.v20240802-1626\jre\bin\javaw.exe
0x00007ff832db0000 - 0x00007ff832fc7000 	C:\windows\SYSTEM32\ntdll.dll
0x00007ff830cb0000 - 0x00007ff830d74000 	C:\windows\System32\KERNEL32.DLL
0x00007ff8301d0000 - 0x00007ff830589000 	C:\windows\System32\KERNELBASE.dll
0x00007ff8306d0000 - 0x00007ff8307e1000 	C:\windows\System32\ucrtbase.dll
0x00007ff804e30000 - 0x00007ff804e4b000 	C:\Users\Fazal Jageerdar\.p2\pool\plugins\org.eclipse.justj.openjdk.hotspot.jre.full.win32.x86_64_22.0.2.v20240802-1626\jre\bin\VCRUNTIME140.dll
0x00007ff80b5b0000 - 0x00007ff80b5c7000 	C:\Users\Fazal Jageerdar\.p2\pool\plugins\org.eclipse.justj.openjdk.hotspot.jre.full.win32.x86_64_22.0.2.v20240802-1626\jre\bin\jli.dll
0x00007ff8312e0000 - 0x00007ff83148e000 	C:\windows\System32\USER32.dll
0x00007ff8307f0000 - 0x00007ff830816000 	C:\windows\System32\win32u.dll
0x00007ff8111c0000 - 0x00007ff811452000 	C:\windows\WinSxS\amd64_microsoft.windows.common-controls_6595b64144ccf1df_6.0.22621.4391_none_2715d37f73803e96\COMCTL32.dll
0x00007ff831bb0000 - 0x00007ff831bd9000 	C:\windows\System32\GDI32.dll
0x00007ff830ad0000 - 0x00007ff830b77000 	C:\windows\System32\msvcrt.dll
0x00007ff8300b0000 - 0x00007ff8301cb000 	C:\windows\System32\gdi32full.dll
0x00007ff830990000 - 0x00007ff830a2a000 	C:\windows\System32\msvcp_win.dll
0x00007ff832950000 - 0x00007ff832981000 	C:\windows\System32\IMM32.DLL
0x00007ff804e00000 - 0x00007ff804e0c000 	C:\Users\Fazal Jageerdar\.p2\pool\plugins\org.eclipse.justj.openjdk.hotspot.jre.full.win32.x86_64_22.0.2.v20240802-1626\jre\bin\vcruntime140_1.dll
0x00007ffff6900000 - 0x00007ffff698e000 	C:\Users\Fazal Jageerdar\.p2\pool\plugins\org.eclipse.justj.openjdk.hotspot.jre.full.win32.x86_64_22.0.2.v20240802-1626\jre\bin\msvcp140.dll
0x00007fff8c0a0000 - 0x00007fff8ce63000 	C:\Users\Fazal Jageerdar\.p2\pool\plugins\org.eclipse.justj.openjdk.hotspot.jre.full.win32.x86_64_22.0.2.v20240802-1626\jre\bin\server\jvm.dll
0x00007ff831eb0000 - 0x00007ff831f62000 	C:\windows\System32\ADVAPI32.dll
0x00007ff832990000 - 0x00007ff832a37000 	C:\windows\System32\sechost.dll
0x00007ff830a30000 - 0x00007ff830a58000 	C:\windows\System32\bcrypt.dll
0x00007ff831a10000 - 0x00007ff831b24000 	C:\windows\System32\RPCRT4.dll
0x00007ff8328c0000 - 0x00007ff832931000 	C:\windows\System32\WS2_32.dll
0x00007ff82ef40000 - 0x00007ff82ef8d000 	C:\windows\SYSTEM32\POWRPROF.dll
0x00007ff828850000 - 0x00007ff828884000 	C:\windows\SYSTEM32\WINMM.dll
0x00007ff826560000 - 0x00007ff82656a000 	C:\windows\SYSTEM32\VERSION.dll
0x00007ff82ef20000 - 0x00007ff82ef33000 	C:\windows\SYSTEM32\UMPDC.dll
0x00007ff82f1e0000 - 0x00007ff82f1f8000 	C:\windows\SYSTEM32\kernel.appcore.dll
0x00007ff80be90000 - 0x00007ff80be9a000 	C:\Users\Fazal Jageerdar\.p2\pool\plugins\org.eclipse.justj.openjdk.hotspot.jre.full.win32.x86_64_22.0.2.v20240802-1626\jre\bin\jimage.dll
0x00007ff82d9c0000 - 0x00007ff82dbf2000 	C:\windows\SYSTEM32\DBGHELP.DLL
0x00007ff830d80000 - 0x00007ff83110f000 	C:\windows\System32\combase.dll
0x00007ff832a40000 - 0x00007ff832b17000 	C:\windows\System32\OLEAUT32.dll
0x00007ff81e0b0000 - 0x00007ff81e0e2000 	C:\windows\SYSTEM32\dbgcore.DLL
0x00007ff830650000 - 0x00007ff8306cb000 	C:\windows\System32\bcryptPrimitives.dll
0x00007ffff68a0000 - 0x00007ffff68be000 	C:\Users\Fazal Jageerdar\.p2\pool\plugins\org.eclipse.justj.openjdk.hotspot.jre.full.win32.x86_64_22.0.2.v20240802-1626\jre\bin\java.dll
0x00007ff832040000 - 0x00007ff8328b6000 	C:\windows\System32\SHELL32.dll
0x00007ff831be0000 - 0x00007ff831d85000 	C:\windows\System32\ole32.dll

dbghelp: loaded successfully - version: 4.0.5 - missing functions: none
symbol engine: initialized successfully - sym options: 0x614 - pdb path: .;C:\Users\Fazal Jageerdar\.p2\pool\plugins\org.eclipse.justj.openjdk.hotspot.jre.full.win32.x86_64_22.0.2.v20240802-1626\jre\bin;C:\windows\SYSTEM32;C:\windows\WinSxS\amd64_microsoft.windows.common-controls_6595b64144ccf1df_6.0.22621.4391_none_2715d37f73803e96;C:\Users\Fazal Jageerdar\.p2\pool\plugins\org.eclipse.justj.openjdk.hotspot.jre.full.win32.x86_64_22.0.2.v20240802-1626\jre\bin\server

VM Arguments:
jvm_args: -Dfile.encoding=UTF-8 -Dstdout.encoding=UTF-8 -Dstderr.encoding=UTF-8 -XX:+ShowCodeDetailsInExceptionMessages 
java_command: atm.management.system.SignupOne
java_class_path (initial): E:\Project_Resume\ATM_Emulator\bin;E:\JCalneder File\jcalendar-1.4.jar\jcalendar-1.4.jar
Launcher Type: SUN_STANDARD

[Global flags]
     intx CICompilerCount                          = 12                                        {product} {ergonomic}
     uint ConcGCThreads                            = 3                                         {product} {ergonomic}
     uint G1ConcRefinementThreads                  = 13                                        {product} {ergonomic}
   size_t G1HeapRegionSize                         = 1048576                                   {product} {ergonomic}
   size_t InitialHeapSize                          = 130023424                                 {product} {ergonomic}
   size_t MarkStackSize                            = 4194304                                   {product} {ergonomic}
   size_t MaxHeapSize                              = 2061500416                                {product} {ergonomic}
   size_t MinHeapDeltaBytes                        = 1048576                                   {product} {ergonomic}
   size_t MinHeapSize                              = 8388608                                   {product} {ergonomic}
    uintx NonNMethodCodeHeapSize                   = 7602480                                {pd product} {ergonomic}
    uintx NonProfiledCodeHeapSize                  = 122027880                              {pd product} {ergonomic}
    uintx ProfiledCodeHeapSize                     = 122027880                              {pd product} {ergonomic}
    uintx ReservedCodeCacheSize                    = 251658240                              {pd product} {ergonomic}
     bool SegmentedCodeCache                       = true                                      {product} {ergonomic}
     bool ShowCodeDetailsInExceptionMessages       = true                                   {manageable} {command line}
   size_t SoftMaxHeapSize                          = 2061500416                             {manageable} {ergonomic}
     bool UseCompressedOops                        = true                           {product lp64_product} {ergonomic}
     bool UseG1GC                                  = true                                      {product} {ergonomic}
     bool UseLargePagesIndividualAllocation        = false                                  {pd product} {ergonomic}

Logging:
Log output configuration:
 #0: stdout all=warning uptime,level,tags foldmultilines=false
 #1: stderr all=off uptime,level,tags foldmultilines=false

Environment Variables:
CLASSPATH=C:\Program Files\Java\jdk-17\bin\;.;
PATH=C:/Users/Fazal Jageerdar/.p2/pool/plugins/org.eclipse.justj.openjdk.hotspot.jre.full.win32.x86_64_22.0.2.v20240802-1626/jre/bin/server;C:/Users/Fazal Jageerdar/.p2/pool/plugins/org.eclipse.justj.openjdk.hotspot.jre.full.win32.x86_64_22.0.2.v20240802-1626/jre/bin;C:\Program Files\Common Files\Oracle\Java\javapath;C:\windows\system32;C:\windows;C:\windows\System32\Wbem;C:\windows\System32\WindowsPowerShell\v1.0\;C:\windows\System32\OpenSSH\;C:\Program Files (x86)\NVIDIA Corporation\PhysX\Common;C:\Program Files\NVIDIA Corporation\NVIDIA NvDLISR;C:\Program Files\nodejs\;C:\Program Files\MySQL\MySQL Server 8.3\bin;C:\Program Files\HP\HP One Agent;C:\Program Files\MySQL\MySQL Server 8.0\bin;C:\Users\Fazal Jageerdar\AppData\Local\Microsoft\WindowsApps;;E:\Microsoft VS Code\bin;C:\Users\Fazal Jageerdar\AppData\Roaming\npm;C:\windows\system32;
USERNAME=Fazal Jageerdar
OS=Windows_NT
PROCESSOR_IDENTIFIER=Intel64 Family 6 Model 154 Stepping 3, GenuineIntel
TMP=C:\Users\FAZALJ~1\AppData\Local\Temp
TEMP=C:\Users\FAZALJ~1\AppData\Local\Temp




Periodic native trim disabled

---------------  S Y S T E M  ---------------

OS:
 Windows 11 , 64 bit Build 22621 (10.0.22621.4391)
OS uptime: 0 days 7:38 hours

CPU: total 16 (initial active 16) (8 cores per cpu, 2 threads per core) family 6 model 154 stepping 3 microcode 0x432, cx8, cmov, fxsr, ht, mmx, 3dnowpref, sse, sse2, sse3, ssse3, sse4.1, sse4.2, popcnt, lzcnt, tsc, tscinvbit, avx, avx2, aes, erms, clmul, bmi1, bmi2, adx, sha, fma, vzeroupper, clflush, clflushopt, clwb, serialize, rdtscp, rdpid, fsrm, f16c, pku, cet_ibt, cet_ss
Processor Information for processor 0
  Max Mhz: 2500, Current Mhz: 2500, Mhz Limit: 2500
Processor Information for processor 1
  Max Mhz: 2500, Current Mhz: 2500, Mhz Limit: 2500
Processor Information for processor 2
  Max Mhz: 2500, Current Mhz: 2500, Mhz Limit: 2500
Processor Information for processor 3
  Max Mhz: 2500, Current Mhz: 2500, Mhz Limit: 2500
Processor Information for processor 4
  Max Mhz: 2500, Current Mhz: 2500, Mhz Limit: 2500
Processor Information for processor 5
  Max Mhz: 2500, Current Mhz: 2500, Mhz Limit: 2500
Processor Information for processor 6
  Max Mhz: 2500, Current Mhz: 2500, Mhz Limit: 2500
Processor Information for processor 7
  Max Mhz: 2500, Current Mhz: 2500, Mhz Limit: 2500
Processor Information for processor 8
  Max Mhz: 2500, Current Mhz: 1500, Mhz Limit: 1800
Processor Information for processor 9
  Max Mhz: 2500, Current Mhz: 1500, Mhz Limit: 1800
Processor Information for processor 10
  Max Mhz: 2500, Current Mhz: 1500, Mhz Limit: 1800
Processor Information for processor 11
  Max Mhz: 2500, Current Mhz: 1500, Mhz Limit: 1800
Processor Information for processor 12
  Max Mhz: 2500, Current Mhz: 1500, Mhz Limit: 1800
Processor Information for processor 13
  Max Mhz: 2500, Current Mhz: 1500, Mhz Limit: 1800
Processor Information for processor 14
  Max Mhz: 2500, Current Mhz: 1500, Mhz Limit: 1800
Processor Information for processor 15
  Max Mhz: 2500, Current Mhz: 1500, Mhz Limit: 1800

Memory: 4k page, system-wide physical 7859M (1171M free)
TotalPageFile size 32435M (AvailPageFile size 28M)
current process WorkingSet (physical memory assigned to process): 12M, peak: 12M
current process commit charge ("private bytes"): 71M, peak: 195M

vm_info: OpenJDK 64-Bit Server VM (22.0.2+9) for windows-amd64 JRE (22.0.2+9), built on 2024-07-16T00:00:00Z by "admin" with MS VC++ 17.7 (VS2022)

END.
